<?xml version="1.0" encoding="UTF-8"?>
<!-- Generated by org.testng.reporters.JUnitReportReporter -->
<testsuite skipped="2" hostname="DIN35002931" name="com.test.sogeti.ie.pom.testcases.IWG_LuckInLove_NonLoggedInUser_PlayNowTest" tests="3" failures="1" timestamp="06 Sep 2018 10:10:02 GMT" time="75.969" errors="0">
  <testcase name="IWG_LuckInLove_NonLoggedInUser_PlayNowTest" time="0.054" classname="com.test.sogeti.ie.pom.testcases.IWG_LuckInLove_NonLoggedInUser_PlayNowTest">
    <skipped/>
  </testcase> <!-- IWG_LuckInLove_NonLoggedInUser_PlayNowTest -->
  <testcase name="IWG_LuckInLove_NonLoggedInUser_PlayNowTest" time="74.848" classname="com.test.sogeti.ie.pom.testcases.IWG_LuckInLove_NonLoggedInUser_PlayNowTest">
    <failure type="java.lang.AssertionError" message="Login Failed no such element: Unable to locate element: {&quot;method&quot;:&quot;xpath&quot;,&quot;selector&quot;:&quot;//*[@id=&#039;login_page&#039;]/div[1]/div/a[1]&quot;}
  (Session info: chrome=68.0.3440.106)
  (Driver info: chromedriver=2.36.540470 (e522d04694c7ebea4ba8821272dbef4f9b818c91),platform=Windows NT 6.1.7601 SP1 x86_64) (WARNING: The server did not provide any stacktrace information)
Command duration or timeout: 0 milliseconds
For documentation on this error, please visit: http://seleniumhq.org/exceptions/no_such_element.html
Build info: version: &#039;3.7.1&#039;, revision: &#039;8a0099a&#039;, time: &#039;2017-11-06T21:01:39.354Z&#039;
System info: host: &#039;DIN35002931&#039;, ip: &#039;169.254.142.133&#039;, os.name: &#039;Windows 7&#039;, os.arch: &#039;amd64&#039;, os.version: &#039;6.1&#039;, java.version: &#039;1.8.0_144&#039;
Driver info: org.openqa.selenium.chrome.ChromeDriver
Capabilities {acceptInsecureCerts: false, acceptSslCerts: false, applicationCacheEnabled: false, browserConnectionEnabled: false, browserName: chrome, chrome: {chromedriverVersion: 2.36.540470 (e522d04694c7eb..., userDataDir: C:\Users\pkaramal\AppData\L...}, cssSelectorsEnabled: true, databaseEnabled: false, handlesAlerts: true, hasTouchScreen: false, javascriptEnabled: true, locationContextEnabled: true, mobileEmulationEnabled: false, nativeEvents: true, networkConnectionEnabled: false, pageLoadStrategy: normal, platform: XP, platformName: XP, rotatable: false, setWindowRect: true, takesHeapSnapshot: true, takesScreenshot: true, unexpectedAlertBehaviour: , unhandledPromptBehavior: , version: 68.0.3440.106, webStorageEnabled: true}
Session ID: b924066bb81ec97c1c5753efd80929d2
*** Element info: {Using=xpath, value=//*[@id=&#039;login_page&#039;]/div[1]/div/a[1]}">
      <![CDATA[java.lang.AssertionError: Login Failed no such element: Unable to locate element: {"method":"xpath","selector":"//*[@id='login_page']/div[1]/div/a[1]"}
  (Session info: chrome=68.0.3440.106)
  (Driver info: chromedriver=2.36.540470 (e522d04694c7ebea4ba8821272dbef4f9b818c91),platform=Windows NT 6.1.7601 SP1 x86_64) (WARNING: The server did not provide any stacktrace information)
Command duration or timeout: 0 milliseconds
For documentation on this error, please visit: http://seleniumhq.org/exceptions/no_such_element.html
Build info: version: '3.7.1', revision: '8a0099a', time: '2017-11-06T21:01:39.354Z'
System info: host: 'DIN35002931', ip: '169.254.142.133', os.name: 'Windows 7', os.arch: 'amd64', os.version: '6.1', java.version: '1.8.0_144'
Driver info: org.openqa.selenium.chrome.ChromeDriver
Capabilities {acceptInsecureCerts: false, acceptSslCerts: false, applicationCacheEnabled: false, browserConnectionEnabled: false, browserName: chrome, chrome: {chromedriverVersion: 2.36.540470 (e522d04694c7eb..., userDataDir: C:\Users\pkaramal\AppData\L...}, cssSelectorsEnabled: true, databaseEnabled: false, handlesAlerts: true, hasTouchScreen: false, javascriptEnabled: true, locationContextEnabled: true, mobileEmulationEnabled: false, nativeEvents: true, networkConnectionEnabled: false, pageLoadStrategy: normal, platform: XP, platformName: XP, rotatable: false, setWindowRect: true, takesHeapSnapshot: true, takesScreenshot: true, unexpectedAlertBehaviour: , unhandledPromptBehavior: , version: 68.0.3440.106, webStorageEnabled: true}
Session ID: b924066bb81ec97c1c5753efd80929d2
*** Element info: {Using=xpath, value=//*[@id='login_page']/div[1]/div/a[1]}
	at org.testng.Assert.fail(Assert.java:93)
	at com.test.sogeti.ie.pom.base.BasePage.reportFailure(BasePage.java:148)
	at com.test.sogeti.ie.pom.pages.PlayIWGPage.doLoginafterPlay(PlayIWGPage.java:708)
	at com.test.sogeti.ie.pom.testcases.IWG_LuckInLove_NonLoggedInUser_PlayNowTest.IWG_LuckInLove_NonLoggedInUser_PlayNowTest(IWG_LuckInLove_NonLoggedInUser_PlayNowTest.java:65)
	at sun.reflect.NativeMethodAccessorImpl.invoke0(Native Method)
	at sun.reflect.NativeMethodAccessorImpl.invoke(NativeMethodAccessorImpl.java:62)
	at sun.reflect.DelegatingMethodAccessorImpl.invoke(DelegatingMethodAccessorImpl.java:43)
	at java.lang.reflect.Method.invoke(Method.java:498)
	at org.testng.internal.MethodInvocationHelper.invokeMethod(MethodInvocationHelper.java:108)
	at org.testng.internal.Invoker.invokeMethod(Invoker.java:661)
	at org.testng.internal.Invoker.invokeTestMethod(Invoker.java:869)
	at org.testng.internal.Invoker.invokeTestMethods(Invoker.java:1193)
	at org.testng.internal.TestMethodWorker.invokeTestMethods(TestMethodWorker.java:126)
	at org.testng.internal.TestMethodWorker.run(TestMethodWorker.java:109)
	at org.testng.TestRunner.privateRun(TestRunner.java:744)
	at org.testng.TestRunner.run(TestRunner.java:602)
	at org.testng.SuiteRunner.runTest(SuiteRunner.java:380)
	at org.testng.SuiteRunner.runSequentially(SuiteRunner.java:375)
	at org.testng.SuiteRunner.privateRun(SuiteRunner.java:340)
	at org.testng.SuiteRunner.run(SuiteRunner.java:289)
	at org.testng.SuiteRunnerWorker.runSuite(SuiteRunnerWorker.java:52)
	at org.testng.SuiteRunnerWorker.run(SuiteRunnerWorker.java:86)
	at org.testng.TestNG.runSuitesSequentially(TestNG.java:1301)
	at org.testng.TestNG.runSuitesLocally(TestNG.java:1226)
	at org.testng.TestNG.runSuites(TestNG.java:1144)
	at org.testng.TestNG.run(TestNG.java:1115)
	at org.testng.remote.AbstractRemoteTestNG.run(AbstractRemoteTestNG.java:114)
	at org.testng.remote.RemoteTestNG.initAndRun(RemoteTestNG.java:251)
	at org.testng.remote.RemoteTestNG.main(RemoteTestNG.java:77)
]]>
    </failure>
  </testcase> <!-- IWG_LuckInLove_NonLoggedInUser_PlayNowTest -->
  <testcase name="IWG_LuckInLove_NonLoggedInUser_PlayNowTest" time="1.067" classname="com.test.sogeti.ie.pom.testcases.IWG_LuckInLove_NonLoggedInUser_PlayNowTest">
    <skipped/>
  </testcase> <!-- IWG_LuckInLove_NonLoggedInUser_PlayNowTest -->
</testsuite> <!-- com.test.sogeti.ie.pom.testcases.IWG_LuckInLove_NonLoggedInUser_PlayNowTest -->
