<?xml version="1.0" encoding="UTF-8"?>
<!-- Generated by org.testng.reporters.JUnitReportReporter -->
<testsuite skipped="2" hostname="DIN35003570" name="com.test.dcx.ie.pom.testcases.PLIAppLogIn_BrowserTest" tests="3" failures="1" timestamp="25 Jan 2019 09:47:35 GMT" time="77.978" errors="0">
  <testcase name="PLIAppLogIn_BrowserTest" time="75.156" classname="com.test.dcx.ie.pom.testcases.PLIAppLogIn_BrowserTest">
    <failure type="java.lang.AssertionError" message="Login Failed An element could not be located on the page using the given search parameters.
For documentation on this error, please visit: http://seleniumhq.org/exceptions/no_such_element.html
Build info: version: &#039;3.14.0&#039;, revision: &#039;aacccce0&#039;, time: &#039;2018-08-02T20:19:58.91Z&#039;
System info: host: &#039;DIN35003570&#039;, ip: &#039;10.237.1.243&#039;, os.name: &#039;Windows 7&#039;, os.arch: &#039;amd64&#039;, os.version: &#039;6.1&#039;, java.version: &#039;1.8.0_131&#039;
Driver info: io.appium.java_client.android.AndroidDriver
Capabilities {appActivity: com.celcom.mycelcom.MainAct..., appPackage: com.celcom.mycelcom, databaseEnabled: false, desired: {appActivity: com.celcom.mycelcom.MainAct..., appPackage: com.celcom.mycelcom, deviceName: ZY3226BVMQ, platformName: android, version: 8.1.0}, deviceManufacturer: motorola, deviceModel: Moto G (5S), deviceName: ZY3226BVMQ, deviceScreenSize: 1080x1920, deviceUDID: ZY3226BVMQ, javascriptEnabled: true, locationContextEnabled: false, networkConnectionEnabled: true, platform: LINUX, platformName: Android, platformVersion: 8.1.0, takesScreenshot: true, version: 8.1.0, warnings: {}, webStorageEnabled: false}
Session ID: bc24bd54-779d-40c7-8324-44ece94c3e41
*** Element info: {Using=id, value=password}">
      <![CDATA[java.lang.AssertionError: Login Failed An element could not be located on the page using the given search parameters.
For documentation on this error, please visit: http://seleniumhq.org/exceptions/no_such_element.html
Build info: version: '3.14.0', revision: 'aacccce0', time: '2018-08-02T20:19:58.91Z'
System info: host: 'DIN35003570', ip: '10.237.1.243', os.name: 'Windows 7', os.arch: 'amd64', os.version: '6.1', java.version: '1.8.0_131'
Driver info: io.appium.java_client.android.AndroidDriver
Capabilities {appActivity: com.celcom.mycelcom.MainAct..., appPackage: com.celcom.mycelcom, databaseEnabled: false, desired: {appActivity: com.celcom.mycelcom.MainAct..., appPackage: com.celcom.mycelcom, deviceName: ZY3226BVMQ, platformName: android, version: 8.1.0}, deviceManufacturer: motorola, deviceModel: Moto G (5S), deviceName: ZY3226BVMQ, deviceScreenSize: 1080x1920, deviceUDID: ZY3226BVMQ, javascriptEnabled: true, locationContextEnabled: false, networkConnectionEnabled: true, platform: LINUX, platformName: Android, platformVersion: 8.1.0, takesScreenshot: true, version: 8.1.0, warnings: {}, webStorageEnabled: false}
Session ID: bc24bd54-779d-40c7-8324-44ece94c3e41
*** Element info: {Using=id, value=password}
at org.testng.Assert.fail(Assert.java:96)
at com.test.dcx.ie.pom.base.BasePage.reportFailure(BasePage.java:151)
at com.test.dcx.ie.pom.pages.LogInAppPage.doLogin(LogInAppPage.java:205)
at com.test.dcx.ie.pom.testcases.PLIAppLogIn_BrowserTest.PLIAppLogIn_BrowserTest(PLIAppLogIn_BrowserTest.java:47)
at sun.reflect.NativeMethodAccessorImpl.invoke0(Native Method)
at sun.reflect.NativeMethodAccessorImpl.invoke(Unknown Source)
at sun.reflect.DelegatingMethodAccessorImpl.invoke(Unknown Source)
at java.lang.reflect.Method.invoke(Unknown Source)
at org.testng.internal.MethodInvocationHelper.invokeMethod(MethodInvocationHelper.java:124)
at org.testng.internal.Invoker.invokeMethod(Invoker.java:580)
at org.testng.internal.Invoker.invokeTestMethod(Invoker.java:716)
at org.testng.internal.Invoker.invokeTestMethods(Invoker.java:988)
at org.testng.internal.TestMethodWorker.invokeTestMethods(TestMethodWorker.java:125)
at org.testng.internal.TestMethodWorker.run(TestMethodWorker.java:109)
at org.testng.TestRunner.privateRun(TestRunner.java:648)
at org.testng.TestRunner.run(TestRunner.java:505)
at org.testng.SuiteRunner.runTest(SuiteRunner.java:455)
at org.testng.SuiteRunner.runSequentially(SuiteRunner.java:450)
at org.testng.SuiteRunner.privateRun(SuiteRunner.java:415)
at org.testng.SuiteRunner.run(SuiteRunner.java:364)
at org.testng.SuiteRunnerWorker.runSuite(SuiteRunnerWorker.java:52)
at org.testng.SuiteRunnerWorker.run(SuiteRunnerWorker.java:84)
at org.testng.TestNG.runSuitesSequentially(TestNG.java:1208)
at org.testng.TestNG.runSuitesLocally(TestNG.java:1137)
at org.testng.TestNG.runSuites(TestNG.java:1049)
at org.testng.TestNG.run(TestNG.java:1017)
at org.testng.remote.AbstractRemoteTestNG.run(AbstractRemoteTestNG.java:114)
at org.testng.remote.RemoteTestNG.initAndRun(RemoteTestNG.java:251)
at org.testng.remote.RemoteTestNG.main(RemoteTestNG.java:77)
]]>
    </failure>
  </testcase> <!-- PLIAppLogIn_BrowserTest -->
  <testcase name="PLIAppLogIn_BrowserTest" time="0.048" classname="com.test.dcx.ie.pom.testcases.PLIAppLogIn_BrowserTest">
    <skipped/>
  </testcase> <!-- PLIAppLogIn_BrowserTest -->
  <testcase name="PLIAppLogIn_BrowserTest" time="2.774" classname="com.test.dcx.ie.pom.testcases.PLIAppLogIn_BrowserTest">
    <skipped/>
  </testcase> <!-- PLIAppLogIn_BrowserTest -->
</testsuite> <!-- com.test.dcx.ie.pom.testcases.PLIAppLogIn_BrowserTest -->
