<html>
<head>
<title>TestNG:  EuroPlay_SelectNumberTest</title>
<link href="../testng.css" rel="stylesheet" type="text/css" />
<link href="../my-testng.css" rel="stylesheet" type="text/css" />

<style type="text/css">
.log { display: none;} 
.stack-trace { display: none;} 
</style>
<script type="text/javascript">
<!--
function flip(e) {
  current = e.style.display;
  if (current == 'block') {
    e.style.display = 'none';
    return 0;
  }
  else {
    e.style.display = 'block';
    return 1;
  }
}

function toggleBox(szDivId, elem, msg1, msg2)
{
  var res = -1;  if (document.getElementById) {
    res = flip(document.getElementById(szDivId));
  }
  else if (document.all) {
    // this is the way old msie versions work
    res = flip(document.all[szDivId]);
  }
  if(elem) {
    if(res == 0) elem.innerHTML = msg1; else elem.innerHTML = msg2;
  }

}

function toggleAllBoxes() {
  if (document.getElementsByTagName) {
    d = document.getElementsByTagName('div');
    for (i = 0; i < d.length; i++) {
      if (d[i].className == 'log') {
        flip(d[i]);
      }
    }
  }
}

// -->
</script>

</head>
<body>
<h2 align='center'>EuroPlay_SelectNumberTest</h2><table border='1' align="center">
<tr>
<td>Tests passed/Failed/Skipped:</td><td>0/0/3</td>
</tr><tr>
<td>Started on:</td><td>Thu Jan 10 19:15:34 IST 2019</td>
</tr>
<tr><td>Total time:</td><td>1 seconds (1411 ms)</td>
</tr><tr>
<td>Included groups:</td><td></td>
</tr><tr>
<td>Excluded groups:</td><td></td>
</tr>
</table><p/>
<small><i>(Hover the method name to see the test class name)</i></small><p/>
<table width='100%' border='1' class='invocation-skipped'>
<tr><td colspan='4' align='center'><b>SKIPPED TESTS</b></td></tr>
<tr><td><b>Test method</b></td>
<td width="30%"><b>Exception</b></td>
<td width="10%"><b>Time (seconds)</b></td>
<td><b>Instance</b></td>
</tr>
<tr>
<td title='com.test.sogeti.ie.pom.testcases.EuroPlay_SelectNumberTest.EuroPlay_SelectNumberTest()'><b>EuroPlay_SelectNumberTest</b><br>Test class: com.test.sogeti.ie.pom.testcases.EuroPlay_SelectNumberTest<br>Parameters: {SecurityNumber=435.0, NumberOfRowsToPlay=2.0, WANTS_TOSUBSCRIBE=N, CardHoldername=srinath, Password=Exam1000, QUICKPICKFRQUENCY=3.0, NUMBER2_ROW6=28.0, NUMBER2_ROW5=22.0, ADDEUROPLUS=Y, NUMBER2_ROW4=17.0, NUMBER4_ROW6=31.0, NUMBER2_ROW3=9.0, NUMBER4_ROW5=24.0, NUMBER2_ROW2=10.0, NUMBER2_ROW1=2.0, NUMBER4_ROW4=19.0, NUMBER6_ROW6=10.0, NUMBER4_ROW3=13.0, NUMBER6_ROW5=7.0, NUMBER4_ROW2=3.0, NUMBER6_ROW4=10.0, NUMBER4_ROW1=30.0, NUMBER6_ROW3=12.0, NUMBER6_ROW2=2.0, NUMBER6_ROW1=9.0, TicketType=Desktop, MyLastTicket=NO, ADVANCEPLAYTAB=2, userName=sripra08, CardnumberSecurityCode=123.0, Amount=30.0, AccountPassword=Exam7050, ENV=UAT2, CardNumberExpiryNumber=1022.0, Runmode=Y, NUMBER1_ROW6=27.0, NUMBER1_ROW4=16.0, NUMBER3_ROW6=29.0, NUMBER1_ROW3=8.0, NUMBER3_ROW5=23.0, NUMBER1_ROW2=11.0, NUMBER1_ROW1=1.0, NUMBER3_ROW4=18.0, NUMBER5_ROW6=32.0, NUMBER3_ROW3=12.0, NUMBER5_ROW5=25.0, NUMBER3_ROW2=12.0, NUMBER5_ROW4=20.0, NUMBER3_ROW1=45.0, NUMBER7_ROW6=7.0, NUMBER5_ROW3=14.0, NUMBER7_ROW5=3.0, NUMBER5_ROW2=4.0, NUMBER7_ROW4=2.0, NUMBER5_ROW1=5.0, NUMBER7_ROW3=11.0, NUMBER7_ROW2=7.0, NUMBER7_ROW1=12.0, CardNumber=4111111111111111, Browser=Chrome}</td>
<td><div><pre>org.testng.SkipException: Skipping the test as Runmode is N
	at com.test.sogeti.ie.pom.testcases.EuroPlay_SelectNumberTest.EuroPlay_SelectNumberTest(EuroPlay_SelectNumberTest.java:40)
	at java.util.concurrent.FutureTask.run(Unknown Source)
	at java.util.concurrent.ThreadPoolExecutor.runWorker(Unknown Source)
	at java.util.concurrent.ThreadPoolExecutor$Worker.run(Unknown Source)
	at java.lang.Thread.run(Unknown Source)
... Removed 16 stack frames</pre></div><a href='#' onClick='toggleBox("stack-trace387693691", this, "Click to show all stack frames", "Click to hide stack frames")'>Click to show all stack frames</a>
<div class='stack-trace' id='stack-trace387693691'><pre>org.testng.SkipException: Skipping the test as Runmode is N
	at com.test.sogeti.ie.pom.testcases.EuroPlay_SelectNumberTest.EuroPlay_SelectNumberTest(EuroPlay_SelectNumberTest.java:40)
	at sun.reflect.NativeMethodAccessorImpl.invoke0(Native Method)
	at sun.reflect.NativeMethodAccessorImpl.invoke(Unknown Source)
	at sun.reflect.DelegatingMethodAccessorImpl.invoke(Unknown Source)
	at java.lang.reflect.Method.invoke(Unknown Source)
	at org.testng.internal.MethodInvocationHelper.invokeMethod(MethodInvocationHelper.java:124)
	at org.testng.internal.Invoker.invokeMethod(Invoker.java:580)
	at org.testng.internal.Invoker.invokeTestMethod(Invoker.java:716)
	at org.testng.internal.Invoker.invokeTestMethods(Invoker.java:988)
	at org.testng.internal.TestMethodWorker.invokeTestMethods(TestMethodWorker.java:125)
	at org.testng.internal.TestMethodWorker.run(TestMethodWorker.java:109)
	at org.testng.TestRunner.privateRun(TestRunner.java:648)
	at org.testng.TestRunner.run(TestRunner.java:505)
	at org.testng.SuiteRunner.runTest(SuiteRunner.java:455)
	at org.testng.SuiteRunner.access$000(SuiteRunner.java:40)
	at org.testng.SuiteRunner$SuiteWorker.run(SuiteRunner.java:489)
	at org.testng.internal.thread.ThreadUtil$1.call(ThreadUtil.java:52)
	at java.util.concurrent.FutureTask.run(Unknown Source)
	at java.util.concurrent.ThreadPoolExecutor.runWorker(Unknown Source)
	at java.util.concurrent.ThreadPoolExecutor$Worker.run(Unknown Source)
	at java.lang.Thread.run(Unknown Source)
</pre></div></td>
<td>0</td>
<td>com.test.sogeti.ie.pom.testcases.EuroPlay_SelectNumberTest@757acd7b</td></tr>
<tr>
<td title='com.test.sogeti.ie.pom.testcases.EuroPlay_SelectNumberTest.EuroPlay_SelectNumberTest()'><b>EuroPlay_SelectNumberTest</b><br>Test class: com.test.sogeti.ie.pom.testcases.EuroPlay_SelectNumberTest<br>Parameters: {SecurityNumber=123.0, NumberOfRowsToPlay=3.0, WANTS_TOSUBSCRIBE=Y, CardHoldername=srinath, Password=Exam7070, QUICKPICKFRQUENCY=2.0, NUMBER2_ROW6=28.0, NUMBER2_ROW5=22.0, ADDEUROPLUS=N, NUMBER2_ROW4=17.0, NUMBER4_ROW6=31.0, NUMBER2_ROW3=9.0, NUMBER4_ROW5=24.0, NUMBER2_ROW2=11.0, NUMBER2_ROW1=2.0, NUMBER4_ROW4=19.0, NUMBER6_ROW6=2.0, NUMBER4_ROW3=13.0, NUMBER6_ROW5=7.0, NUMBER4_ROW2=3.0, NUMBER6_ROW4=11.0, NUMBER4_ROW1=30.0, NUMBER6_ROW3=12.0, NUMBER6_ROW2=3.0, NUMBER6_ROW1=1.0, TicketType=Mobile, MyLastTicket=NO, ADVANCEPLAYTAB=2, userName=srinath7070, CardnumberSecurityCode=123.0, Amount=40, AccountPassword=password1, ENV=UAT2, CardNumberExpiryNumber=1022.0, Runmode=N, NUMBER1_ROW6=27.0, NUMBER1_ROW4=16.0, NUMBER3_ROW6=29.0, NUMBER1_ROW3=8.0, NUMBER3_ROW5=23.0, NUMBER1_ROW2=6.0, NUMBER1_ROW1=1.0, NUMBER3_ROW4=18.0, NUMBER5_ROW6=32.0, NUMBER3_ROW3=12.0, NUMBER5_ROW5=25.0, NUMBER3_ROW2=12.0, NUMBER5_ROW4=20.0, NUMBER3_ROW1=45.0, NUMBER7_ROW6=3.0, NUMBER5_ROW3=14.0, NUMBER7_ROW5=2.0, NUMBER5_ROW2=4.0, NUMBER7_ROW4=5.0, NUMBER5_ROW1=5.0, NUMBER7_ROW3=11.0, NUMBER7_ROW2=7.0, NUMBER7_ROW1=6.0, CardNumber=4111111111111111, Browser=Chrome}</td>
<td><div><pre>org.testng.SkipException: Skipping the test as Runmode is N
	at com.test.sogeti.ie.pom.testcases.EuroPlay_SelectNumberTest.EuroPlay_SelectNumberTest(EuroPlay_SelectNumberTest.java:40)
	at java.util.concurrent.FutureTask.run(Unknown Source)
	at java.util.concurrent.ThreadPoolExecutor.runWorker(Unknown Source)
	at java.util.concurrent.ThreadPoolExecutor$Worker.run(Unknown Source)
	at java.lang.Thread.run(Unknown Source)
... Removed 16 stack frames</pre></div><a href='#' onClick='toggleBox("stack-trace254750366", this, "Click to show all stack frames", "Click to hide stack frames")'>Click to show all stack frames</a>
<div class='stack-trace' id='stack-trace254750366'><pre>org.testng.SkipException: Skipping the test as Runmode is N
	at com.test.sogeti.ie.pom.testcases.EuroPlay_SelectNumberTest.EuroPlay_SelectNumberTest(EuroPlay_SelectNumberTest.java:40)
	at sun.reflect.NativeMethodAccessorImpl.invoke0(Native Method)
	at sun.reflect.NativeMethodAccessorImpl.invoke(Unknown Source)
	at sun.reflect.DelegatingMethodAccessorImpl.invoke(Unknown Source)
	at java.lang.reflect.Method.invoke(Unknown Source)
	at org.testng.internal.MethodInvocationHelper.invokeMethod(MethodInvocationHelper.java:124)
	at org.testng.internal.Invoker.invokeMethod(Invoker.java:580)
	at org.testng.internal.Invoker.invokeTestMethod(Invoker.java:716)
	at org.testng.internal.Invoker.invokeTestMethods(Invoker.java:988)
	at org.testng.internal.TestMethodWorker.invokeTestMethods(TestMethodWorker.java:125)
	at org.testng.internal.TestMethodWorker.run(TestMethodWorker.java:109)
	at org.testng.TestRunner.privateRun(TestRunner.java:648)
	at org.testng.TestRunner.run(TestRunner.java:505)
	at org.testng.SuiteRunner.runTest(SuiteRunner.java:455)
	at org.testng.SuiteRunner.access$000(SuiteRunner.java:40)
	at org.testng.SuiteRunner$SuiteWorker.run(SuiteRunner.java:489)
	at org.testng.internal.thread.ThreadUtil$1.call(ThreadUtil.java:52)
	at java.util.concurrent.FutureTask.run(Unknown Source)
	at java.util.concurrent.ThreadPoolExecutor.runWorker(Unknown Source)
	at java.util.concurrent.ThreadPoolExecutor$Worker.run(Unknown Source)
	at java.lang.Thread.run(Unknown Source)
</pre></div></td>
<td>0</td>
<td>com.test.sogeti.ie.pom.testcases.EuroPlay_SelectNumberTest@757acd7b</td></tr>
<tr>
<td title='com.test.sogeti.ie.pom.testcases.EuroPlay_SelectNumberTest.EuroPlay_SelectNumberTest()'><b>EuroPlay_SelectNumberTest</b><br>Test class: com.test.sogeti.ie.pom.testcases.EuroPlay_SelectNumberTest<br>Parameters: {SecurityNumber=123.0, NumberOfRowsToPlay=3.0, WANTS_TOSUBSCRIBE=N, CardHoldername=srinath, Password=password1, QUICKPICKFRQUENCY=2.0, NUMBER2_ROW6=28.0, NUMBER2_ROW5=22.0, ADDEUROPLUS=Y, NUMBER2_ROW4=17.0, NUMBER4_ROW6=31.0, NUMBER2_ROW3=9.0, NUMBER4_ROW5=24.0, NUMBER2_ROW2=11.0, NUMBER2_ROW1=2.0, NUMBER4_ROW4=19.0, NUMBER6_ROW6=7.0, NUMBER4_ROW3=13.0, NUMBER6_ROW5=7.0, NUMBER4_ROW2=3.0, NUMBER6_ROW4=12.0, NUMBER4_ROW1=30.0, NUMBER6_ROW3=12.0, NUMBER6_ROW2=4.0, NUMBER6_ROW1=4.0, TicketType=Mobile, MyLastTicket=NO, ADVANCEPLAYTAB=1.0, userName=plitest, CardnumberSecurityCode=123.0, Amount=30.0, AccountPassword=password1, ENV=UAT2, CardNumberExpiryNumber=1022.0, Runmode=N, NUMBER1_ROW6=27.0, NUMBER1_ROW4=16.0, NUMBER3_ROW6=29.0, NUMBER1_ROW3=8.0, NUMBER3_ROW5=23.0, NUMBER1_ROW2=6.0, NUMBER1_ROW1=1.0, NUMBER3_ROW4=18.0, NUMBER5_ROW6=32.0, NUMBER3_ROW3=12.0, NUMBER5_ROW5=25.0, NUMBER3_ROW2=12.0, NUMBER5_ROW4=20.0, NUMBER3_ROW1=45.0, NUMBER7_ROW6=8.0, NUMBER5_ROW3=14.0, NUMBER7_ROW5=8.0, NUMBER5_ROW2=4.0, NUMBER7_ROW4=1.0, NUMBER5_ROW1=5.0, NUMBER7_ROW3=11.0, NUMBER7_ROW2=7.0, NUMBER7_ROW1=6.0, CardNumber=4111111111111111, Browser=Chrome}</td>
<td><div><pre>org.testng.SkipException: Skipping the test as Runmode is N
	at com.test.sogeti.ie.pom.testcases.EuroPlay_SelectNumberTest.EuroPlay_SelectNumberTest(EuroPlay_SelectNumberTest.java:40)
	at java.util.concurrent.FutureTask.run(Unknown Source)
	at java.util.concurrent.ThreadPoolExecutor.runWorker(Unknown Source)
	at java.util.concurrent.ThreadPoolExecutor$Worker.run(Unknown Source)
	at java.lang.Thread.run(Unknown Source)
... Removed 16 stack frames</pre></div><a href='#' onClick='toggleBox("stack-trace1131140375", this, "Click to show all stack frames", "Click to hide stack frames")'>Click to show all stack frames</a>
<div class='stack-trace' id='stack-trace1131140375'><pre>org.testng.SkipException: Skipping the test as Runmode is N
	at com.test.sogeti.ie.pom.testcases.EuroPlay_SelectNumberTest.EuroPlay_SelectNumberTest(EuroPlay_SelectNumberTest.java:40)
	at sun.reflect.NativeMethodAccessorImpl.invoke0(Native Method)
	at sun.reflect.NativeMethodAccessorImpl.invoke(Unknown Source)
	at sun.reflect.DelegatingMethodAccessorImpl.invoke(Unknown Source)
	at java.lang.reflect.Method.invoke(Unknown Source)
	at org.testng.internal.MethodInvocationHelper.invokeMethod(MethodInvocationHelper.java:124)
	at org.testng.internal.Invoker.invokeMethod(Invoker.java:580)
	at org.testng.internal.Invoker.invokeTestMethod(Invoker.java:716)
	at org.testng.internal.Invoker.invokeTestMethods(Invoker.java:988)
	at org.testng.internal.TestMethodWorker.invokeTestMethods(TestMethodWorker.java:125)
	at org.testng.internal.TestMethodWorker.run(TestMethodWorker.java:109)
	at org.testng.TestRunner.privateRun(TestRunner.java:648)
	at org.testng.TestRunner.run(TestRunner.java:505)
	at org.testng.SuiteRunner.runTest(SuiteRunner.java:455)
	at org.testng.SuiteRunner.access$000(SuiteRunner.java:40)
	at org.testng.SuiteRunner$SuiteWorker.run(SuiteRunner.java:489)
	at org.testng.internal.thread.ThreadUtil$1.call(ThreadUtil.java:52)
	at java.util.concurrent.FutureTask.run(Unknown Source)
	at java.util.concurrent.ThreadPoolExecutor.runWorker(Unknown Source)
	at java.util.concurrent.ThreadPoolExecutor$Worker.run(Unknown Source)
	at java.lang.Thread.run(Unknown Source)
</pre></div></td>
<td>0</td>
<td>com.test.sogeti.ie.pom.testcases.EuroPlay_SelectNumberTest@757acd7b</td></tr>
</table><p>
</body>
</html>